<?xml version="1.0" encoding="UTF-8"?>
<testng-results skipped="0" failed="0" ignored="0" total="1" passed="1">
  <reporter-output>
  </reporter-output>
  <suite name="Default suite" duration-ms="105417" started-at="2022-03-17T17:49:36 IST" finished-at="2022-03-17T17:51:22 IST">
    <groups>
    </groups>
    <test name="Default test" duration-ms="105417" started-at="2022-03-17T17:49:36 IST" finished-at="2022-03-17T17:51:22 IST">
      <class name="TestSuite.Travel">
        <test-method status="PASS" signature="testing()[pri:0, instance:TestSuite.Travel@307f6b8c]" name="testing" duration-ms="105245" started-at="2022-03-17T17:49:37 IST" finished-at="2022-03-17T17:51:22 IST">
          <reporter-output>
          </reporter-output>
        </test-method> <!-- testing -->
      </class> <!-- TestSuite.Travel -->
    </test> <!-- Default test -->
  </suite> <!-- Default suite -->
</testng-results>
