<?xml version="1.0" encoding="UTF-8"?>
<!-- Generated by org.testng.reporters.JUnitXMLReporter -->
<testsuite hostname="HP15-BS-7TH-GEN" ignored="0" name="Default test(failed)" tests="3" failures="3" timestamp="2022-03-16T17:30:02 IST" time="0.12" errors="0">
  <testcase name="travel" time="0.017" classname="Pages.TravelInsurance">
    <failure type="java.lang.NullPointerException">
      <![CDATA[java.lang.NullPointerException
at Pages.TravelInsurance.travel(TravelInsurance.java:55)
at java.util.ArrayList.forEach(Unknown Source)
... Removed 27 stack frames]]>
    </failure>
  </testcase> <!-- travel -->
  <testcase name="car" time="0.005" classname="Pages.CarInsurance">
    <failure type="java.lang.NullPointerException">
      <![CDATA[java.lang.NullPointerException
at Pages.CarInsurance.car(CarInsurance.java:30)
at java.util.ArrayList.forEach(Unknown Source)
... Removed 27 stack frames]]>
    </failure>
  </testcase> <!-- car -->
  <testcase name="list" time="0.008" classname="Pages.HealthInsurances">
    <failure type="java.lang.NullPointerException">
      <![CDATA[java.lang.NullPointerException
at Pages.HealthInsurances.list(HealthInsurances.java:32)
at java.util.ArrayList.forEach(Unknown Source)
... Removed 27 stack frames]]>
    </failure>
  </testcase> <!-- list -->
</testsuite> <!-- Default test(failed) -->
